[2026-02-05 23:19:01.296] EV_SHOW : 
Student Registration System

[2026-02-05 23:19:01.300] EV_SHOW : 1) List all students
[2026-02-05 23:19:01.300] EV_SHOW : 2) List all courses
[2026-02-05 23:19:01.300] EV_SHOW : 3) List students who registered for a course
[2026-02-05 23:19:01.300] EV_SHOW : 4) List courses a student has registered for
[2026-02-05 23:19:01.300] EV_SHOW : 5) List courses a student has completed
[2026-02-05 23:19:01.300] EV_SHOW : 6) Register a student for a course
[2026-02-05 23:19:01.300] EV_SHOW : x) Exit
[2026-02-05 23:19:01.300] EV_SHOW : 
Enter your choice and press return >> 
[2026-02-05 23:19:05.958] EV_SHOW : 

[2026-02-05 23:19:05.959] EV_LIST_ALL_STUDENTS : null
[2026-02-05 23:19:05.980] EV_SHOW : G00123456 Carson Kit CS 1 CS112 CS211 CS332 CS421
G00123432 Smith John ECE 0 EE112 EE211 CS421 EE432
G45643133 Kenton Sam IT 3 IT112 IT211
G01234567 Boone Dan MBA 2 BB114 CS211 IT492 CS412
G90123456 Crockett Jack CS 2 CS112 CS211 CS332 CS42
G12998191 Wetzle Tom CS 3 CS112 CS211 CS332
G21231422 Lewis Meriweather SE 1 EN121 EE211 BB222 CS421 IT492
G89012345 Glass Hugh MBA 2 EN121 IT211
[2026-02-05 23:19:05.980] EV_SHOW : 
Student Registration System

[2026-02-05 23:19:05.980] EV_SHOW : 1) List all students
[2026-02-05 23:19:05.981] EV_SHOW : 2) List all courses
[2026-02-05 23:19:05.981] EV_SHOW : 3) List students who registered for a course
[2026-02-05 23:19:05.981] EV_SHOW : 4) List courses a student has registered for
[2026-02-05 23:19:05.981] EV_SHOW : 5) List courses a student has completed
[2026-02-05 23:19:05.981] EV_SHOW : 6) Register a student for a course
[2026-02-05 23:19:05.981] EV_SHOW : x) Exit
[2026-02-05 23:19:05.981] EV_SHOW : 
Enter your choice and press return >> 
[2026-02-06 01:12:53.115] EV_SHOW : 
Student Registration System

[2026-02-06 01:12:53.119] EV_SHOW : 1) List all students
[2026-02-06 01:12:53.119] EV_SHOW : 2) List all courses
[2026-02-06 01:12:53.119] EV_SHOW : 3) List students who registered for a course
[2026-02-06 01:12:53.119] EV_SHOW : 4) List courses a student has registered for
[2026-02-06 01:12:53.119] EV_SHOW : 5) List courses a student has completed
[2026-02-06 01:12:53.119] EV_SHOW : 6) Register a student for a course
[2026-02-06 01:12:53.119] EV_SHOW : x) Exit
[2026-02-06 01:12:53.119] EV_SHOW : 
Enter your choice and press return >> 
[2026-02-06 01:12:57.487] EV_SHOW : 

[2026-02-06 01:12:57.487] EV_LIST_ALL_COURSES : null
[2026-02-06 01:12:57.500] EV_SHOW : CS112 a M 1030 1200 Horton Introduction to Computer Programming
CS112 b W 1330 1400 Heyer Introduction to Computer Programming
CS112 c T 900 1230 Bealer Introduction to Computer Programming
CS211 a M 1100 1230 Kurtz Object-Oriented Programming
CS211 b T 930 1200 Worth Object-Oriented Programming
CS211 c F 1430 1600 Adams Object-Oriented Programming
CS421 a T 1100 1230 Schmidt Introduction to Software Engineering
CS421 b W 1100 1230 Stevens Introduction to Software Engineering
CS421 c F 1830 2000 Keys Introduction to Software Engineering
CS475 a M 900 1030 Delmar Concurrent and Distributed Software Systems
CS475 b T 900 1030 Faires Concurrent and Distributed Software Systems
CS475 c W 1830 2000 Weber Concurrent and Distributed Software Systems
SWE443 a T 430 700 Hughs Software Architecture
SWE443 b W 900 1030 Feiner Software Architecture
SWE443 c F 1200 1330 Morgan Software Architecture
[2026-02-06 01:12:57.500] EV_SHOW : 
Student Registration System

[2026-02-06 01:12:57.500] EV_SHOW : 1) List all students
[2026-02-06 01:12:57.500] EV_SHOW : 2) List all courses
[2026-02-06 01:12:57.500] EV_SHOW : 3) List students who registered for a course
[2026-02-06 01:12:57.500] EV_SHOW : 4) List courses a student has registered for
[2026-02-06 01:12:57.500] EV_SHOW : 5) List courses a student has completed
[2026-02-06 01:12:57.500] EV_SHOW : 6) Register a student for a course
[2026-02-06 01:12:57.500] EV_SHOW : x) Exit
[2026-02-06 01:12:57.500] EV_SHOW : 
Enter your choice and press return >> 
[2026-02-06 01:13:07.658] EV_SHOW : 

[2026-02-06 01:13:07.659] EV_LIST_ALL_STUDENTS : null
[2026-02-06 01:13:07.669] EV_SHOW : G00123456 Carson Kit CS 1 CS112 CS211 CS332 CS421
G00123432 Smith John ECE 0 EE112 EE211 CS421 EE432
G45643133 Kenton Sam IT 3 IT112 IT211
G01234567 Boone Dan MBA 2 BB114 CS211 IT492 CS412
G90123456 Crockett Jack CS 2 CS112 CS211 CS332 CS42
G12998191 Wetzle Tom CS 3 CS112 CS211 CS332
G21231422 Lewis Meriweather SE 1 EN121 EE211 BB222 CS421 IT492
G89012345 Glass Hugh MBA 2 EN121 IT211
[2026-02-06 01:13:07.669] EV_SHOW : 
Student Registration System

[2026-02-06 01:13:07.670] EV_SHOW : 1) List all students
[2026-02-06 01:13:07.670] EV_SHOW : 2) List all courses
[2026-02-06 01:13:07.670] EV_SHOW : 3) List students who registered for a course
[2026-02-06 01:13:07.670] EV_SHOW : 4) List courses a student has registered for
[2026-02-06 01:13:07.671] EV_SHOW : 5) List courses a student has completed
[2026-02-06 01:13:07.671] EV_SHOW : 6) Register a student for a course
[2026-02-06 01:13:07.671] EV_SHOW : x) Exit
[2026-02-06 01:13:07.671] EV_SHOW : 
Enter your choice and press return >> 
[2026-02-06 01:13:33.363] EV_SHOW : 
Enter student ID and press return >> 
[2026-02-06 01:13:57.806] EV_SHOW : 
Enter course ID and press return >> 
[2026-02-06 01:14:06.557] EV_SHOW : 
Enter course section and press return >> 
[2026-02-06 01:14:12.863] EV_SHOW : 

[2026-02-06 01:14:12.865] EV_REGISTER_STUDENT : G00123456 SWE443 a
[2026-02-06 01:14:12.866] EV_SHOW : Successful!
[2026-02-06 01:14:12.866] EV_SHOW : 
Student Registration System

[2026-02-06 01:14:12.866] EV_SHOW : 1) List all students
[2026-02-06 01:14:12.866] EV_SHOW : 2) List all courses
[2026-02-06 01:14:12.866] EV_SHOW : 3) List students who registered for a course
[2026-02-06 01:14:12.866] EV_SHOW : 4) List courses a student has registered for
[2026-02-06 01:14:12.866] EV_SHOW : 5) List courses a student has completed
[2026-02-06 01:14:12.866] EV_SHOW : 6) Register a student for a course
[2026-02-06 01:14:12.866] EV_SHOW : x) Exit
[2026-02-06 01:14:12.867] EV_SHOW : 
Enter your choice and press return >> 
[2026-02-06 01:16:52.019] EV_SHOW : 
Enter student ID and press return >> 
[2026-02-06 01:17:26.175] EV_SHOW : 
Student Registration System

[2026-02-06 01:17:26.180] EV_SHOW : 1) List all students
[2026-02-06 01:17:26.180] EV_SHOW : 2) List all courses
[2026-02-06 01:17:26.180] EV_SHOW : 3) List students who registered for a course
[2026-02-06 01:17:26.180] EV_SHOW : 4) List courses a student has registered for
[2026-02-06 01:17:26.180] EV_SHOW : 5) List courses a student has completed
[2026-02-06 01:17:26.180] EV_SHOW : 6) Register a student for a course
[2026-02-06 01:17:26.180] EV_SHOW : x) Exit
[2026-02-06 01:17:26.181] EV_SHOW : 
Enter your choice and press return >> 
[2026-02-06 01:17:46.485] EV_SHOW : 
Enter student ID and press return >> 
[2026-02-06 01:17:48.391] EV_SHOW : 
Enter course ID and press return >> 
[2026-02-06 01:17:56.397] EV_SHOW : 
Enter course section and press return >> 
[2026-02-06 01:17:59.031] EV_SHOW : 

[2026-02-06 01:17:59.032] EV_REGISTER_STUDENT : G00123456 SWE443 a
[2026-02-06 01:17:59.032] EV_SHOW : Successful!
[2026-02-06 01:17:59.032] EV_SHOW : 
Student Registration System

[2026-02-06 01:17:59.032] EV_SHOW : 1) List all students
[2026-02-06 01:17:59.032] EV_SHOW : 2) List all courses
[2026-02-06 01:17:59.032] EV_SHOW : 3) List students who registered for a course
[2026-02-06 01:17:59.032] EV_SHOW : 4) List courses a student has registered for
[2026-02-06 01:17:59.032] EV_SHOW : 5) List courses a student has completed
[2026-02-06 01:17:59.033] EV_SHOW : 6) Register a student for a course
[2026-02-06 01:17:59.033] EV_SHOW : x) Exit
[2026-02-06 01:17:59.033] EV_SHOW : 
Enter your choice and press return >> 
[2026-02-06 01:21:26.027] EV_SHOW : 
Student Registration System

[2026-02-06 01:21:26.032] EV_SHOW : 1) List all students
[2026-02-06 01:21:26.033] EV_SHOW : 2) List all courses
[2026-02-06 01:21:26.033] EV_SHOW : 3) List students who registered for a course
[2026-02-06 01:21:26.033] EV_SHOW : 4) List courses a student has registered for
[2026-02-06 01:21:26.033] EV_SHOW : 5) List courses a student has completed
[2026-02-06 01:21:26.033] EV_SHOW : 6) Register a student for a course
[2026-02-06 01:21:26.033] EV_SHOW : x) Exit
[2026-02-06 01:21:26.033] EV_SHOW : 
Enter your choice and press return >> 
[2026-02-06 01:21:36.448] EV_SHOW : 
Enter student ID and press return >> 
[2026-02-06 01:21:47.503] EV_SHOW : 
Enter course ID and press return >> 
[2026-02-06 01:21:58.998] EV_SHOW : 
Enter course section and press return >> 
[2026-02-06 01:22:00.528] EV_SHOW : 

[2026-02-06 01:22:00.529] EV_REGISTER_STUDENT : G00123456 SWE443 a
[2026-02-06 01:22:00.529] EV_SHOW : Successful!
[2026-02-06 01:22:00.529] EV_SHOW : 
Student Registration System

[2026-02-06 01:22:00.529] EV_SHOW : 1) List all students
[2026-02-06 01:22:00.529] EV_SHOW : 2) List all courses
[2026-02-06 01:22:00.529] EV_SHOW : 3) List students who registered for a course
[2026-02-06 01:22:00.529] EV_SHOW : 4) List courses a student has registered for
[2026-02-06 01:22:00.529] EV_SHOW : 5) List courses a student has completed
[2026-02-06 01:22:00.529] EV_SHOW : 6) Register a student for a course
[2026-02-06 01:22:00.529] EV_SHOW : x) Exit
[2026-02-06 01:22:00.529] EV_SHOW : 
Enter your choice and press return >> 
[2026-02-06 01:34:35.465] EV_SHOW : 
Student Registration System

[2026-02-06 01:34:35.468] EV_SHOW : 1) List all students
[2026-02-06 01:34:35.468] EV_SHOW : 2) List all courses
[2026-02-06 01:34:35.469] EV_SHOW : 3) List students who registered for a course
[2026-02-06 01:34:35.469] EV_SHOW : 4) List courses a student has registered for
[2026-02-06 01:34:35.469] EV_SHOW : 5) List courses a student has completed
[2026-02-06 01:34:35.469] EV_SHOW : 6) Register a student for a course
[2026-02-06 01:34:35.469] EV_SHOW : x) Exit
[2026-02-06 01:34:35.469] EV_SHOW : 
Enter your choice and press return >> 
[2026-02-06 01:34:42.227] EV_SHOW : 
Enter student ID and press return >> 
[2026-02-06 01:34:50.166] EV_SHOW : 
Enter course ID and press return >> 
[2026-02-06 01:35:01.631] EV_SHOW : 
Enter course section and press return >> 
[2026-02-06 01:35:02.487] EV_SHOW : 

[2026-02-06 01:35:02.506] EV_REGISTER_STUDENT : G00123456 SWE443 a
[2026-02-06 01:35:02.507] EV_SHOW : Successful!
[2026-02-06 01:35:02.507] EV_SHOW : 
Student Registration System

[2026-02-06 01:35:02.507] EV_SHOW : 1) List all students
[2026-02-06 01:35:02.507] EV_SHOW : 2) List all courses
[2026-02-06 01:35:02.507] EV_SHOW : 3) List students who registered for a course
[2026-02-06 01:35:02.507] EV_SHOW : 4) List courses a student has registered for
[2026-02-06 01:35:02.508] EV_SHOW : 5) List courses a student has completed
[2026-02-06 01:35:02.508] EV_SHOW : 6) Register a student for a course
[2026-02-06 01:35:02.508] EV_SHOW : x) Exit
[2026-02-06 01:35:02.509] EV_SHOW : 
Enter your choice and press return >> 
